c:\users\chris\desktop\rastertek - copy\rastertek\debug\rastertek.pch
c:\users\chris\desktop\rastertek - copy\rastertek\debug\vc141.pdb
c:\users\chris\desktop\rastertek - copy\rastertek\debug\vc141.idb
c:\users\chris\desktop\rastertek - copy\rastertek\debug\stdafx.obj
c:\users\chris\desktop\rastertek - copy\rastertek\debug\cameraclass.obj
c:\users\chris\desktop\rastertek - copy\rastertek\debug\lightclass.obj
c:\users\chris\desktop\rastertek - copy\rastertek\debug\lightshaderclass.obj
c:\users\chris\desktop\rastertek - copy\rastertek\debug\textureclass.obj
c:\users\chris\desktop\rastertek - copy\rastertek\debug\textureshaderclass.obj
c:\users\chris\desktop\rastertek - copy\rastertek\debug\d3dclass.obj
c:\users\chris\desktop\rastertek - copy\rastertek\debug\graphicsclass.obj
c:\users\chris\desktop\rastertek - copy\rastertek\debug\inputclass.obj
c:\users\chris\desktop\rastertek - copy\rastertek\debug\modelclass.obj
c:\users\chris\desktop\rastertek - copy\rastertek\debug\rastertek.obj
c:\users\chris\desktop\rastertek - copy\rastertek\debug\systemclass.obj
c:\users\chris\desktop\rastertek - copy\debug\rastertek.ilk
c:\users\chris\desktop\rastertek - copy\debug\rastertek.exe
c:\users\chris\desktop\rastertek - copy\debug\rastertek.pdb
c:\users\chris\desktop\rastertek - copy\rastertek\debug\rastertek.tlog\cl.command.1.tlog
c:\users\chris\desktop\rastertek - copy\rastertek\debug\rastertek.tlog\cl.read.1.tlog
c:\users\chris\desktop\rastertek - copy\rastertek\debug\rastertek.tlog\cl.write.1.tlog
c:\users\chris\desktop\rastertek - copy\rastertek\debug\rastertek.tlog\link.command.1.tlog
c:\users\chris\desktop\rastertek - copy\rastertek\debug\rastertek.tlog\link.read.1.tlog
c:\users\chris\desktop\rastertek - copy\rastertek\debug\rastertek.tlog\link.write.1.tlog
